<?xml version="1.0" encoding="UTF-8"?>
<!-- Generated by org.testng.reporters.JUnitXMLReporter -->
<testsuite ignored="0" hostname="DESKTOP-MH1I98B" failures="1" tests="2" name="test1" time="0.076" errors="0" timestamp="2023-10-25T14:55:40 IST">
  <testcase classname="TestNG.asserts" name="test_01" time="0.004">
    <failure type="java.lang.AssertionError" message="expected [Hello] but found [Hi]">
      <![CDATA[java.lang.AssertionError: expected [Hello] but found [Hi]
at TestNG.asserts.test_01(asserts.java:16)
at java.base/java.util.ArrayList.forEach(ArrayList.java:1511)
... Removed 33 stack frames]]>
    </failure>
  </testcase> <!-- test_01 -->
  <testcase classname="TestNG.asserts" name="test_02" time="0.001"/>
</testsuite> <!-- test1 -->
