<?xml version="1.0" encoding="UTF-8"?>
<testng-results ignored="0" total="1" passed="1" failed="0" skipped="0">
  <reporter-output>
  </reporter-output>
  <suite started-at="2023-11-27T12:18:52 IST" name="Suite" finished-at="2023-11-27T12:19:02 IST" duration-ms="10205">
    <groups>
    </groups>
    <test started-at="2023-11-27T12:18:52 IST" name="Test" finished-at="2023-11-27T12:19:02 IST" duration-ms="10205">
      <class name="TestNG.tests01">
        <test-method signature="test(java.lang.String,java.lang.String)[pri:0, instance:TestNG.tests01@48aca48b]" started-at="2023-11-27T12:18:52 IST" name="test" data-provider="validlogin" finished-at="2023-11-27T12:19:02 IST" duration-ms="10093" status="PASS">
          <params>
            <param index="0">
              <value>
                <![CDATA[standard_user]]>
              </value>
            </param>
            <param index="1">
              <value>
                <![CDATA[secret_sauce]]>
              </value>
            </param>
          </params>
          <reporter-output>
          </reporter-output>
        </test-method> <!-- test -->
      </class> <!-- TestNG.tests01 -->
    </test> <!-- Test -->
  </suite> <!-- Suite -->
</testng-results>
